Sun 19 May 2024 01:31:00 AM UTC: 
 tests:  0|5
total_score: 0/70
ae96a4f
Sun 19 May 2024 01:33:42 AM UTC: 
 exercises.c | 113 +++++++++++++++++++++++++-----------------------------------
 1 file changed, 46 insertions(+), 67 deletions(-)
In file included from test.c:5:
exercises.c: In function ‘crea_lista’:
exercises.c:14:9: error: implicit declaration of function ‘add’ [-Werror=implicit-function-declaration]
   14 |         add(L, elemento);
      |         ^~~
exercises.c: In function ‘eliminaElementos’:
exercises.c:30:5: error: implicit declaration of function ‘start_iteration’ [-Werror=implicit-function-declaration]
   30 |     start_iteration(L);
      |     ^~~~~~~~~~~~~~~
exercises.c:31:31: error: implicit declaration of function ‘current’; did you mean ‘popCurrent’? [-Werror=implicit-function-declaration]
   31 |     while ((elemento = (int *)current(L)) != NULL) {
      |                               ^~~~~~~
      |                               popCurrent
exercises.c:31:24: error: cast to pointer from integer of different size [-Werror=int-to-pointer-cast]
   31 |     while ((elemento = (int *)current(L)) != NULL) {
      |                        ^
exercises.c:33:18: error: implicit declaration of function ‘removeCurrent’; did you mean ‘popCurrent’? [-Werror=implicit-function-declaration]
   33 |             free(removeCurrent(L));
      |                  ^~~~~~~~~~~~~
      |                  popCurrent
exercises.c:33:18: error: passing argument 1 of ‘free’ makes pointer from integer without a cast [-Werror=int-conversion]
   33 |             free(removeCurrent(L));
      |                  ^~~~~~~~~~~~~~~~
      |                  |
      |                  int
In file included from test.c:2:
/nix/store/4pqv2mwdn88h7xvsm7a5zplrd8sxzvw0-glibc-2.35-163-dev/include/stdlib.h:555:25: note: expected ‘void *’ but argument is of type ‘int’
  555 | extern void free (void *__ptr) __THROW;
      |                   ~~~~~~^~~~~
In file included from test.c:5:
exercises.c: In function ‘copia_pila’:
exercises.c:50:5: error: implicit declaration of function ‘destroy_stack’ [-Werror=implicit-function-declaration]
   50 |     destroy_stack(aux); // Liberar la memoria de la pila auxiliar
      |     ^~~~~~~~~~~~~
exercises.c: In function ‘parentesisBalanceados’:
exercises.c:59:17: error: implicit declaration of function ‘isEmpty’ [-Werror=implicit-function-declaration]
   59 |             if (isEmpty(pila)) {
      |                 ^~~~~~~
test.c: In function ‘test_copia_pila’:
test.c:201:5: error: implicit declaration of function ‘imprime_y_vacia_pila’ [-Werror=implicit-function-declaration]
  201 |     imprime_y_vacia_pila(P1copy);
      |     ^~~~~~~~~~~~~~~~~~~~
cc1: all warnings being treated as errors
Compilation failed
2ffe8cc
Sun 19 May 2024 01:35:59 AM UTC: 
 exercises.c | 112 +++++++++++++++++++++++++++++++++++-------------------------
 1 file changed, 66 insertions(+), 46 deletions(-)
 tests:  0|5
total_score: 0/70
e73cf13
Sun 19 May 2024 01:40:58 AM UTC: 
 exercises.c | 18 ++++++++++++++++++
 1 file changed, 18 insertions(+)
In file included from test.c:5:
exercises.c: In function ‘crea_lista’:
exercises.c:51:14: error: invalid use of incomplete typedef ‘List’
   51 |         if (L->size == 0) {
      |              ^~
exercises.c:52:14: error: invalid use of incomplete typedef ‘List’
   52 |             L->first = L->last = (Node*) malloc(sizeof(Node));
      |              ^~
exercises.c:52:25: error: invalid use of incomplete typedef ‘List’
   52 |             L->first = L->last = (Node*) malloc(sizeof(Node));
      |                         ^~
exercises.c:52:35: error: ‘Node’ undeclared (first use in this function)
   52 |             L->first = L->last = (Node*) malloc(sizeof(Node));
      |                                   ^~~~
exercises.c:52:35: note: each undeclared identifier is reported only once for each function it appears in
exercises.c:52:40: error: expected expression before ‘)’ token
   52 |             L->first = L->last = (Node*) malloc(sizeof(Node));
      |                                        ^
exercises.c:53:14: error: invalid use of incomplete typedef ‘List’
   53 |             L->first->data = elemento;
      |              ^~
exercises.c:54:14: error: invalid use of incomplete typedef ‘List’
   54 |             L->first->next = NULL;
      |              ^~
exercises.c:56:14: error: invalid use of incomplete typedef ‘List’
   56 |             L->last->next = (Node*) malloc(sizeof(Node));
      |              ^~
exercises.c:56:35: error: expected expression before ‘)’ token
   56 |             L->last->next = (Node*) malloc(sizeof(Node));
      |                                   ^
exercises.c:57:14: error: invalid use of incomplete typedef ‘List’
   57 |             L->last->next->data = elemento;
      |              ^~
exercises.c:58:14: error: invalid use of incomplete typedef ‘List’
   58 |             L->last->next->next = NULL;
      |              ^~
exercises.c:59:14: error: invalid use of incomplete typedef ‘List’
   59 |             L->last = L->last->next;
      |              ^~
exercises.c:59:24: error: invalid use of incomplete typedef ‘List’
   59 |             L->last = L->last->next;
      |                        ^~
exercises.c:62:10: error: invalid use of incomplete typedef ‘List’
   62 |         L->size++;
      |          ^~
Compilation failed
42f81ed
Sun 19 May 2024 01:42:54 AM UTC: 
 exercises.c | 14 +-------------
 1 file changed, 1 insertion(+), 13 deletions(-)
 tests:  2|3
total_score: 20/70
960dbc3
Sun 19 May 2024 01:50:24 AM UTC: 
 exercises.c | 22 ++++++++++++++++++++--
 1 file changed, 20 insertions(+), 2 deletions(-)
In file included from test.c:6:
arraylist.c:6:8: error: redefinition of ‘struct List’
    6 | struct List {
      |        ^~~~
In file included from test.c:5:
exercises.c:15:16: note: originally defined here
   15 | typedef struct List {
      |                ^~~~
In file included from test.c:6:
arraylist.c: In function ‘create_list’:
arraylist.c:16:4: error: ‘List’ {aka ‘struct List’} has no member named ‘current’
   16 |   L->current = 0;
      |    ^~
arraylist.c: In function ‘first’:
arraylist.c:25:4: error: ‘List’ {aka ‘struct List’} has no member named ‘current’
   25 |   L->current = 0;
      |    ^~
arraylist.c:26:11: error: ‘List’ {aka ‘struct List’} has no member named ‘data’
   26 |   return L->data[L->current];
      |           ^~
arraylist.c:26:19: error: ‘List’ {aka ‘struct List’} has no member named ‘current’
   26 |   return L->data[L->current];
      |                   ^~
arraylist.c: In function ‘next’:
arraylist.c:30:7: error: ‘List’ {aka ‘struct List’} has no member named ‘current’
   30 |   if(L->current < L->size - 1) {
      |       ^~
arraylist.c:31:6: error: ‘List’ {aka ‘struct List’} has no member named ‘current’
   31 |     L->current++;
      |      ^~
arraylist.c:32:13: error: ‘List’ {aka ‘struct List’} has no member named ‘data’
   32 |     return L->data[L->current];
      |             ^~
arraylist.c:32:21: error: ‘List’ {aka ‘struct List’} has no member named ‘current’
   32 |     return L->data[L->current];
      |                     ^~
arraylist.c: In function ‘pushFront’:
arraylist.c:39:6: error: ‘List’ {aka ‘struct List’} has no member named ‘data’
   39 |     L->data[0] = dato;
      |      ^~
arraylist.c:44:6: error: ‘List’ {aka ‘struct List’} has no member named ‘data’
   44 |     L->data[i] = L->data[i - 1];
      |      ^~
arraylist.c:44:19: error: ‘List’ {aka ‘struct List’} has no member named ‘data’
   44 |     L->data[i] = L->data[i - 1];
      |                   ^~
arraylist.c:46:4: error: ‘List’ {aka ‘struct List’} has no member named ‘data’
   46 |   L->data[0] = dato;
      |    ^~
arraylist.c: In function ‘pushBack’:
arraylist.c:51:4: error: ‘List’ {aka ‘struct List’} has no member named ‘data’
   51 |   L->data[L->size] = dato;
      |    ^~
arraylist.c: In function ‘pushCurrent’:
arraylist.c:57:6: error: ‘List’ {aka ‘struct List’} has no member named ‘data’
   57 |     L->data[0] = dato;
      |      ^~
arraylist.c:61:29: error: ‘List’ {aka ‘struct List’} has no member named ‘current’
   61 |   for(int i = L->size; i > L->current; i--) {
      |                             ^~
arraylist.c:62:6: error: ‘List’ {aka ‘struct List’} has no member named ‘data’
   62 |     L->data[i] = L->data[i - 1];
      |      ^~
arraylist.c:62:19: error: ‘List’ {aka ‘struct List’} has no member named ‘data’
   62 |     L->data[i] = L->data[i - 1];
      |                   ^~
arraylist.c:64:4: error: ‘List’ {aka ‘struct List’} has no member named ‘data’
   64 |   L->data[L->current + 1] = dato;
      |    ^~
arraylist.c:64:12: error: ‘List’ {aka ‘struct List’} has no member named ‘current’
   64 |   L->data[L->current + 1] = dato;
      |            ^~
arraylist.c: In function ‘popFront’:
arraylist.c:72:17: error: ‘List’ {aka ‘struct List’} has no member named ‘data’
   72 |   void* dato = L->data[0];
      |                 ^~
arraylist.c:74:6: error: ‘List’ {aka ‘struct List’} has no member named ‘data’
   74 |     L->data[i] = L->data[i + 1];
      |      ^~
arraylist.c:74:19: error: ‘List’ {aka ‘struct List’} has no member named ‘data’
   74 |     L->data[i] = L->data[i + 1];
      |                   ^~
arraylist.c: In function ‘popBack’:
arraylist.c:84:17: error: ‘List’ {aka ‘struct List’} has no member named ‘data’
   84 |   void* dato = L->data[L->size - 1];
      |                 ^~
arraylist.c: In function ‘popCurrent’:
arraylist.c:93:17: error: ‘List’ {aka ‘struct List’} has no member named ‘data’
   93 |   void* dato = L->data[L->current];
      |                 ^~
arraylist.c:93:25: error: ‘List’ {aka ‘struct List’} has no member named ‘current’
   93 |   void* dato = L->data[L->current];
      |                         ^~
arraylist.c:94:16: error: ‘List’ {aka ‘struct List’} has no member named ‘current’
   94 |   for(int i = L->current; i < L->size - 1; i++) {
      |                ^~
arraylist.c:95:6: error: ‘List’ {aka ‘struct List’} has no member named ‘data’
   95 |     L->data[i] = L->data[i + 1];
      |      ^~
arraylist.c:95:19: error: ‘List’ {aka ‘struct List’} has no member named ‘data’
   95 |     L->data[i] = L->data[i + 1];
      |                   ^~
arraylist.c:98:4: error: ‘List’ {aka ‘struct List’} has no member named ‘current’
   98 |   L->current--;
      |    ^~
arraylist.c: In function ‘first’:
arraylist.c:27:1: error: control reaches end of non-void function [-Werror=return-type]
   27 | }
      | ^
cc1: all warnings being treated as errors
Compilation failed
de02801
Sun 19 May 2024 01:55:39 AM UTC: 
 exercises.c | 19 ++++++++++++++++++-
 1 file changed, 18 insertions(+), 1 deletion(-)
In file included from test.c:6:
arraylist.c:6:8: error: redefinition of ‘struct List’
    6 | struct List {
      |        ^~~~
In file included from test.c:5:
exercises.c:16:16: note: originally defined here
   16 | typedef struct List {
      |                ^~~~
In file included from test.c:6:
arraylist.c: In function ‘create_list’:
arraylist.c:16:4: error: ‘List’ {aka ‘struct List’} has no member named ‘current’
   16 |   L->current = 0;
      |    ^~
arraylist.c: In function ‘first’:
arraylist.c:25:4: error: ‘List’ {aka ‘struct List’} has no member named ‘current’
   25 |   L->current = 0;
      |    ^~
arraylist.c:26:11: error: ‘List’ {aka ‘struct List’} has no member named ‘data’
   26 |   return L->data[L->current];
      |           ^~
arraylist.c:26:19: error: ‘List’ {aka ‘struct List’} has no member named ‘current’
   26 |   return L->data[L->current];
      |                   ^~
arraylist.c: In function ‘next’:
arraylist.c:30:7: error: ‘List’ {aka ‘struct List’} has no member named ‘current’
   30 |   if(L->current < L->size - 1) {
      |       ^~
arraylist.c:31:6: error: ‘List’ {aka ‘struct List’} has no member named ‘current’
   31 |     L->current++;
      |      ^~
arraylist.c:32:13: error: ‘List’ {aka ‘struct List’} has no member named ‘data’
   32 |     return L->data[L->current];
      |             ^~
arraylist.c:32:21: error: ‘List’ {aka ‘struct List’} has no member named ‘current’
   32 |     return L->data[L->current];
      |                     ^~
arraylist.c: In function ‘pushFront’:
arraylist.c:39:6: error: ‘List’ {aka ‘struct List’} has no member named ‘data’
   39 |     L->data[0] = dato;
      |      ^~
arraylist.c:44:6: error: ‘List’ {aka ‘struct List’} has no member named ‘data’
   44 |     L->data[i] = L->data[i - 1];
      |      ^~
arraylist.c:44:19: error: ‘List’ {aka ‘struct List’} has no member named ‘data’
   44 |     L->data[i] = L->data[i - 1];
      |                   ^~
arraylist.c:46:4: error: ‘List’ {aka ‘struct List’} has no member named ‘data’
   46 |   L->data[0] = dato;
      |    ^~
arraylist.c: In function ‘pushBack’:
arraylist.c:51:4: error: ‘List’ {aka ‘struct List’} has no member named ‘data’
   51 |   L->data[L->size] = dato;
      |    ^~
arraylist.c: In function ‘pushCurrent’:
arraylist.c:57:6: error: ‘List’ {aka ‘struct List’} has no member named ‘data’
   57 |     L->data[0] = dato;
      |      ^~
arraylist.c:61:29: error: ‘List’ {aka ‘struct List’} has no member named ‘current’
   61 |   for(int i = L->size; i > L->current; i--) {
      |                             ^~
arraylist.c:62:6: error: ‘List’ {aka ‘struct List’} has no member named ‘data’
   62 |     L->data[i] = L->data[i - 1];
      |      ^~
arraylist.c:62:19: error: ‘List’ {aka ‘struct List’} has no member named ‘data’
   62 |     L->data[i] = L->data[i - 1];
      |                   ^~
arraylist.c:64:4: error: ‘List’ {aka ‘struct List’} has no member named ‘data’
   64 |   L->data[L->current + 1] = dato;
      |    ^~
arraylist.c:64:12: error: ‘List’ {aka ‘struct List’} has no member named ‘current’
   64 |   L->data[L->current + 1] = dato;
      |            ^~
arraylist.c: In function ‘popFront’:
arraylist.c:72:17: error: ‘List’ {aka ‘struct List’} has no member named ‘data’
   72 |   void* dato = L->data[0];
      |                 ^~
arraylist.c:74:6: error: ‘List’ {aka ‘struct List’} has no member named ‘data’
   74 |     L->data[i] = L->data[i + 1];
      |      ^~
arraylist.c:74:19: error: ‘List’ {aka ‘struct List’} has no member named ‘data’
   74 |     L->data[i] = L->data[i + 1];
      |                   ^~
arraylist.c: In function ‘popBack’:
arraylist.c:84:17: error: ‘List’ {aka ‘struct List’} has no member named ‘data’
   84 |   void* dato = L->data[L->size - 1];
      |                 ^~
arraylist.c: In function ‘popCurrent’:
arraylist.c:93:17: error: ‘List’ {aka ‘struct List’} has no member named ‘data’
   93 |   void* dato = L->data[L->current];
      |                 ^~
arraylist.c:93:25: error: ‘List’ {aka ‘struct List’} has no member named ‘current’
   93 |   void* dato = L->data[L->current];
      |                         ^~
arraylist.c:94:16: error: ‘List’ {aka ‘struct List’} has no member named ‘current’
   94 |   for(int i = L->current; i < L->size - 1; i++) {
      |                ^~
arraylist.c:95:6: error: ‘List’ {aka ‘struct List’} has no member named ‘data’
   95 |     L->data[i] = L->data[i + 1];
      |      ^~
arraylist.c:95:19: error: ‘List’ {aka ‘struct List’} has no member named ‘data’
   95 |     L->data[i] = L->data[i + 1];
      |                   ^~
arraylist.c:98:4: error: ‘List’ {aka ‘struct List’} has no member named ‘current’
   98 |   L->current--;
      |    ^~
arraylist.c: In function ‘first’:
arraylist.c:27:1: error: control reaches end of non-void function [-Werror=return-type]
   27 | }
      | ^
cc1: all warnings being treated as errors
Compilation failed
795daca
Sun 19 May 2024 02:05:03 AM UTC: 
 exercises.c | 30 ++++++++++++++----------------
 1 file changed, 14 insertions(+), 16 deletions(-)
In file included from test.c:5:
exercises.c: In function ‘eliminaElementos’:
exercises.c:82:5: error: unknown type name ‘Node’
   82 |     Node* current = L->first;
      |     ^~~~
exercises.c:82:22: error: invalid use of incomplete typedef ‘List’
   82 |     Node* current = L->first;
      |                      ^~
exercises.c:83:5: error: unknown type name ‘Node’
   83 |     Node* prev = NULL;
      |     ^~~~
exercises.c:85:28: error: request for member ‘data’ in something not a structure or union
   85 |         if (*(int *)current->data == elem) {
      |                            ^~
exercises.c:88:28: error: invalid use of incomplete typedef ‘List’
   88 |                 current = L->first;
      |                            ^~
exercises.c:91:31: error: request for member ‘next’ in something not a structure or union
   91 |                 current = prev->next;
      |                               ^~
exercises.c:95:30: error: request for member ‘next’ in something not a structure or union
   95 |             current = current->next;
      |                              ^~
exercises.c: In function ‘copia_pila’:
exercises.c:118:5: error: implicit declaration of function ‘destroy_stack’ [-Werror=implicit-function-declaration]
  118 |     destroy_stack(aux);
      |     ^~~~~~~~~~~~~
cc1: all warnings being treated as errors
Compilation failed
a63aa37
